00:19:09.184 [main] INFO  - Goto my account-->Click on Login.. 
00:28:17.855 [main] INFO  - Goto my account-->Click on Login.. 
00:35:40.944 [main] INFO  - Goto my account-->Click on Login.. 
00:44:24.021 [main] INFO  - Goto my account-->Click on Login.. 
00:51:26.370 [main] INFO  - Goto my account-->Click on Login.. 
00:55:15.890 [main] INFO  - Goto my account-->Click on Login.. 
00:56:51.787 [main] INFO  - Goto my account-->Click on Login.. 
00:56:52.337 [main] INFO  - Login page action
00:56:52.708 [main] INFO  - Click login button action
01:02:10.157 [main] INFO  - Goto my account-->Click on Login.. 
01:02:10.646 [main] INFO  - Login page action
01:02:10.977 [main] INFO  - Click login button action
23:07:11.624 [main] INFO  - Goto my account-->Click on Login.. 
23:07:12.052 [main] INFO  - Login page action
23:07:12.424 [main] INFO  - Click login button action
23:14:59.068 [main] INFO  - Goto my account-->Click on Login.. 
23:14:59.543 [main] INFO  - Login page action
23:14:59.928 [main] INFO  - Click login button action
14:05:15.190 [main] INFO  - Goto my account-->Click on Login.. 
14:05:15.817 [main] INFO  - Login page action
14:05:16.138 [main] INFO  - Click login button action
14:10:51.252 [main] INFO  - Goto my account-->Click on Login.. 
14:10:51.690 [main] INFO  - Login page action
14:10:52.006 [main] INFO  - Click login button action
14:14:48.715 [main] INFO  - Goto my account-->Click on Login.. 
14:14:49.451 [main] INFO  - Login page action
14:14:49.774 [main] INFO  - Click login button action
14:16:30.684 [main] INFO  - Goto my account-->Click on Login.. 
14:16:31.283 [main] INFO  - Login page action
14:16:31.614 [main] INFO  - Click login button action
14:18:58.520 [main] INFO  - Goto my account-->Click on Login.. 
14:18:59.074 [main] INFO  - Login page action
14:18:59.422 [main] INFO  - Click login button action
19:58:52.391 [main] INFO  - Goto my account-->Click on Login.. 
19:59:19.576 [main] INFO  - Goto my account-->Click on Login.. 
19:59:20.154 [main] DEBUG - Parsing relationship: /xl/_rels/workbook.xml.rels
19:59:20.157 [main] DEBUG - Parsing relationship: /xl/worksheets/_rels/sheet1.xml.rels
19:59:20.159 [main] DEBUG - Parsing relationship: /_rels/.rels
19:59:20.337 [main] TRACE - Loading type system org.apache.poi.schemas.ooxml.system.ooxml
19:59:20.340 [main] TRACE - Loading type system org.apache.xmlbeans.metadata.system.sXMLCONFIG
19:59:20.341 [main] TRACE - Loading type system org.apache.xmlbeans.metadata.system.sXMLLANG
19:59:20.341 [main] TRACE - Loading type system org.apache.xmlbeans.metadata.system.sXMLSCHEMA
19:59:20.342 [main] TRACE - Loading type system org.apache.xmlbeans.metadata.system.sXMLTOOLS
19:59:20.343 [main] TRACE - Reading unresolved handles for type system org.apache.xmlbeans.metadata.system.sXMLTOOLS
19:59:20.355 [main] TRACE - Finished loading type system org.apache.xmlbeans.metadata.system.sXMLTOOLS
19:59:20.356 [main] TRACE - Reading unresolved handles for type system org.apache.xmlbeans.metadata.system.sXMLSCHEMA
19:59:20.363 [main] TRACE - Finished loading type system org.apache.xmlbeans.metadata.system.sXMLSCHEMA
19:59:20.365 [main] TRACE - Reading unresolved handles for type system org.apache.xmlbeans.metadata.system.sXMLLANG
19:59:20.367 [main] TRACE - Finished loading type system org.apache.xmlbeans.metadata.system.sXMLLANG
19:59:20.368 [main] TRACE - Reading unresolved handles for type system org.apache.xmlbeans.metadata.system.sXMLCONFIG
19:59:20.369 [main] TRACE - Finished loading type system org.apache.xmlbeans.metadata.system.sXMLCONFIG
19:59:20.370 [main] TRACE - Reading unresolved handles for type system org.apache.poi.schemas.ooxml.system.ooxml
19:59:20.435 [main] TRACE - Finished loading type system org.apache.poi.schemas.ooxml.system.ooxml
19:59:20.436 [main] TRACE - Resolving type for handle themefd26doctype
19:59:20.525 [main] TRACE - Resolving type for handle stylesheet5d8bdoctype
19:59:20.532 [main] TRACE - Resolving type for handle ctstylesheet4257type
19:59:20.537 [main] TRACE - Resolving type for handle ctfonts6623type
19:59:20.540 [main] TRACE - Resolving type for handle ctfont14d8type
19:59:20.546 [main] TRACE - Resolving type for handle ctfills2c6ftype
19:59:20.548 [main] TRACE - Resolving type for handle ctfill550ctype
19:59:20.551 [main] TRACE - Resolving type for handle ctborders0d66type
19:59:20.554 [main] TRACE - Resolving type for handle ctborderf935type
19:59:20.557 [main] TRACE - Resolving type for handle ctcellxfs1322type
19:59:20.560 [main] TRACE - Resolving type for handle ctxf97f7type
19:59:20.564 [main] TRACE - Resolving type for handle ctcellstylexfsa81ftype
19:59:20.566 [main] TRACE - Resolving type for handle ctdxfsb26atype
19:59:20.569 [main] TRACE - Resolving type for handle cttablestyles872ftype
19:59:20.572 [main] TRACE - Resolving type for handle sstf81fdoctype
19:59:20.578 [main] TRACE - Resolving type for handle ctsst44f3type
19:59:20.590 [main] TRACE - Resolving type for handle ctrsta472type
19:59:20.608 [main] DEBUG - using default POIXMLDocumentPart for http://schemas.openxmlformats.org/officeDocument/2006/relationships/printerSettings
19:59:20.609 [main] TRACE - Resolving type for handle workbookec17doctype
19:59:20.614 [main] TRACE - Resolving type for handle ctworkbook83c3type
19:59:20.625 [main] TRACE - Resolving type for handle ctsheets49fdtype
19:59:20.629 [main] TRACE - Resolving type for handle ctsheet4dbetype
19:59:20.634 [main] TRACE - Resolving type for handle strelationshipid1e94type
19:59:20.637 [main] TRACE - Resolving type for handle worksheetf539doctype
19:59:20.645 [main] TRACE - Resolving type for handle ctworksheet530dtype
19:59:20.658 [main] TRACE - Resolving type for handle ctsheetdata8408type
19:59:20.661 [main] TRACE - Resolving type for handle ctrowdd39type
19:59:20.666 [main] TRACE - Resolving type for handle ctcell842btype
19:59:20.673 [main] TRACE - Resolving type for handle stcellrefe4e0type
19:59:20.683 [main] TRACE - Resolving type for handle ctcols627ctype
19:59:20.690 [main] TRACE - Resolving type for handle ctcola95ftype
19:59:20.709 [main] TRACE - Resolving type for handle cthyperlinks6416type
19:59:20.713 [main] TRACE - Resolving type for handle cthyperlink0c85type
19:59:20.725 [main] TRACE - Resolving type for handle stxstringf179type
19:59:20.729 [main] TRACE - Resolving type for handle stcelltypebf95type
19:59:25.472 [main] INFO  - Goto my account-->Click on Login.. 
19:59:25.840 [main] DEBUG - Parsing relationship: /xl/_rels/workbook.xml.rels
19:59:25.841 [main] DEBUG - Parsing relationship: /xl/worksheets/_rels/sheet1.xml.rels
19:59:25.842 [main] DEBUG - Parsing relationship: /_rels/.rels
19:59:25.857 [main] DEBUG - using default POIXMLDocumentPart for http://schemas.openxmlformats.org/officeDocument/2006/relationships/printerSettings
19:59:30.327 [main] INFO  - Goto my account-->Click on Login.. 
19:59:30.742 [main] DEBUG - Parsing relationship: /xl/_rels/workbook.xml.rels
19:59:30.745 [main] DEBUG - Parsing relationship: /xl/worksheets/_rels/sheet1.xml.rels
19:59:30.746 [main] DEBUG - Parsing relationship: /_rels/.rels
19:59:30.761 [main] DEBUG - using default POIXMLDocumentPart for http://schemas.openxmlformats.org/officeDocument/2006/relationships/printerSettings
19:59:34.792 [main] INFO  - Goto my account-->Click on Login.. 
19:59:35.216 [main] DEBUG - Parsing relationship: /xl/_rels/workbook.xml.rels
19:59:35.217 [main] DEBUG - Parsing relationship: /xl/worksheets/_rels/sheet1.xml.rels
19:59:35.219 [main] DEBUG - Parsing relationship: /_rels/.rels
19:59:35.232 [main] DEBUG - using default POIXMLDocumentPart for http://schemas.openxmlformats.org/officeDocument/2006/relationships/printerSettings
19:59:49.197 [main] INFO  - Goto my account-->Click on Login.. 
19:59:49.544 [main] DEBUG - Parsing relationship: /xl/_rels/workbook.xml.rels
19:59:49.545 [main] DEBUG - Parsing relationship: /xl/worksheets/_rels/sheet1.xml.rels
19:59:49.547 [main] DEBUG - Parsing relationship: /_rels/.rels
19:59:49.558 [main] DEBUG - using default POIXMLDocumentPart for http://schemas.openxmlformats.org/officeDocument/2006/relationships/printerSettings
20:18:07.881 [main] INFO  - Goto my account-->Click on Login.. 
20:18:08.304 [main] INFO  - Login page action
20:18:08.577 [main] INFO  - Click login button action
20:40:47.422 [main] INFO  - Goto my account-->Click on Login.. 
20:40:47.830 [main] INFO  - Login page action
20:40:48.085 [main] INFO  - Click login button action
20:41:28.350 [main] INFO  - Goto my account-->Click on Login.. 
20:41:28.882 [main] DEBUG - Parsing relationship: /xl/_rels/workbook.xml.rels
20:41:28.885 [main] DEBUG - Parsing relationship: /xl/worksheets/_rels/sheet1.xml.rels
20:41:28.887 [main] DEBUG - Parsing relationship: /_rels/.rels
20:41:29.059 [main] TRACE - Loading type system org.apache.poi.schemas.ooxml.system.ooxml
20:41:29.062 [main] TRACE - Loading type system org.apache.xmlbeans.metadata.system.sXMLCONFIG
20:41:29.063 [main] TRACE - Loading type system org.apache.xmlbeans.metadata.system.sXMLLANG
20:41:29.064 [main] TRACE - Loading type system org.apache.xmlbeans.metadata.system.sXMLSCHEMA
20:41:29.064 [main] TRACE - Loading type system org.apache.xmlbeans.metadata.system.sXMLTOOLS
20:41:29.066 [main] TRACE - Reading unresolved handles for type system org.apache.xmlbeans.metadata.system.sXMLTOOLS
20:41:29.079 [main] TRACE - Finished loading type system org.apache.xmlbeans.metadata.system.sXMLTOOLS
20:41:29.080 [main] TRACE - Reading unresolved handles for type system org.apache.xmlbeans.metadata.system.sXMLSCHEMA
20:41:29.089 [main] TRACE - Finished loading type system org.apache.xmlbeans.metadata.system.sXMLSCHEMA
20:41:29.090 [main] TRACE - Reading unresolved handles for type system org.apache.xmlbeans.metadata.system.sXMLLANG
20:41:29.091 [main] TRACE - Finished loading type system org.apache.xmlbeans.metadata.system.sXMLLANG
20:41:29.092 [main] TRACE - Reading unresolved handles for type system org.apache.xmlbeans.metadata.system.sXMLCONFIG
20:41:29.094 [main] TRACE - Finished loading type system org.apache.xmlbeans.metadata.system.sXMLCONFIG
20:41:29.095 [main] TRACE - Reading unresolved handles for type system org.apache.poi.schemas.ooxml.system.ooxml
20:41:29.159 [main] TRACE - Finished loading type system org.apache.poi.schemas.ooxml.system.ooxml
20:41:29.160 [main] TRACE - Resolving type for handle themefd26doctype
20:41:29.237 [main] TRACE - Resolving type for handle stylesheet5d8bdoctype
20:41:29.243 [main] TRACE - Resolving type for handle ctstylesheet4257type
20:41:29.248 [main] TRACE - Resolving type for handle ctfonts6623type
20:41:29.250 [main] TRACE - Resolving type for handle ctfont14d8type
20:41:29.255 [main] TRACE - Resolving type for handle ctfills2c6ftype
20:41:29.257 [main] TRACE - Resolving type for handle ctfill550ctype
20:41:29.258 [main] TRACE - Resolving type for handle ctborders0d66type
20:41:29.260 [main] TRACE - Resolving type for handle ctborderf935type
20:41:29.264 [main] TRACE - Resolving type for handle ctcellxfs1322type
20:41:29.266 [main] TRACE - Resolving type for handle ctxf97f7type
20:41:29.275 [main] TRACE - Resolving type for handle ctcellstylexfsa81ftype
20:41:29.277 [main] TRACE - Resolving type for handle ctdxfsb26atype
20:41:29.280 [main] TRACE - Resolving type for handle cttablestyles872ftype
20:41:29.283 [main] TRACE - Resolving type for handle sstf81fdoctype
20:41:29.289 [main] TRACE - Resolving type for handle ctsst44f3type
20:41:29.298 [main] TRACE - Resolving type for handle ctrsta472type
20:41:29.328 [main] DEBUG - using default POIXMLDocumentPart for http://schemas.openxmlformats.org/officeDocument/2006/relationships/printerSettings
20:41:29.329 [main] TRACE - Resolving type for handle workbookec17doctype
20:41:29.334 [main] TRACE - Resolving type for handle ctworkbook83c3type
20:41:29.342 [main] TRACE - Resolving type for handle ctsheets49fdtype
20:41:29.344 [main] TRACE - Resolving type for handle ctsheet4dbetype
20:41:29.346 [main] TRACE - Resolving type for handle strelationshipid1e94type
20:41:29.348 [main] TRACE - Resolving type for handle worksheetf539doctype
20:41:29.355 [main] TRACE - Resolving type for handle ctworksheet530dtype
20:41:29.370 [main] TRACE - Resolving type for handle ctsheetdata8408type
20:41:29.373 [main] TRACE - Resolving type for handle ctrowdd39type
20:41:29.379 [main] TRACE - Resolving type for handle ctcell842btype
20:41:29.385 [main] TRACE - Resolving type for handle stcellrefe4e0type
20:41:29.396 [main] TRACE - Resolving type for handle ctcols627ctype
20:41:29.401 [main] TRACE - Resolving type for handle ctcola95ftype
20:41:29.417 [main] TRACE - Resolving type for handle cthyperlinks6416type
20:41:29.420 [main] TRACE - Resolving type for handle cthyperlink0c85type
20:41:29.428 [main] TRACE - Resolving type for handle stxstringf179type
20:41:29.431 [main] TRACE - Resolving type for handle stcelltypebf95type
20:41:33.518 [main] INFO  - Goto my account-->Click on Login.. 
20:41:33.995 [main] DEBUG - Parsing relationship: /xl/_rels/workbook.xml.rels
20:41:34.002 [main] DEBUG - Parsing relationship: /xl/worksheets/_rels/sheet1.xml.rels
20:41:34.006 [main] DEBUG - Parsing relationship: /_rels/.rels
20:41:34.026 [main] DEBUG - using default POIXMLDocumentPart for http://schemas.openxmlformats.org/officeDocument/2006/relationships/printerSettings
20:41:37.746 [main] INFO  - Goto my account-->Click on Login.. 
20:41:38.395 [main] DEBUG - Parsing relationship: /xl/_rels/workbook.xml.rels
20:41:38.397 [main] DEBUG - Parsing relationship: /xl/worksheets/_rels/sheet1.xml.rels
20:41:38.399 [main] DEBUG - Parsing relationship: /_rels/.rels
20:41:38.415 [main] DEBUG - using default POIXMLDocumentPart for http://schemas.openxmlformats.org/officeDocument/2006/relationships/printerSettings
20:41:42.507 [main] INFO  - Goto my account-->Click on Login.. 
20:41:42.865 [main] DEBUG - Parsing relationship: /xl/_rels/workbook.xml.rels
20:41:42.867 [main] DEBUG - Parsing relationship: /xl/worksheets/_rels/sheet1.xml.rels
20:41:42.869 [main] DEBUG - Parsing relationship: /_rels/.rels
20:41:42.884 [main] DEBUG - using default POIXMLDocumentPart for http://schemas.openxmlformats.org/officeDocument/2006/relationships/printerSettings
20:41:55.920 [main] INFO  - Goto my account-->Click on Login.. 
20:41:56.480 [main] DEBUG - Parsing relationship: /xl/_rels/workbook.xml.rels
20:41:56.482 [main] DEBUG - Parsing relationship: /xl/worksheets/_rels/sheet1.xml.rels
20:41:56.483 [main] DEBUG - Parsing relationship: /_rels/.rels
20:41:56.495 [main] DEBUG - using default POIXMLDocumentPart for http://schemas.openxmlformats.org/officeDocument/2006/relationships/printerSettings
20:48:59.971 [main] INFO  - Goto my account-->Click on Login.. 
20:49:00.529 [main] DEBUG - Parsing relationship: /xl/_rels/workbook.xml.rels
20:49:00.537 [main] DEBUG - Parsing relationship: /xl/worksheets/_rels/sheet1.xml.rels
20:49:00.540 [main] DEBUG - Parsing relationship: /_rels/.rels
20:49:00.700 [main] TRACE - Loading type system org.apache.poi.schemas.ooxml.system.ooxml
20:49:00.703 [main] TRACE - Loading type system org.apache.xmlbeans.metadata.system.sXMLCONFIG
20:49:00.705 [main] TRACE - Loading type system org.apache.xmlbeans.metadata.system.sXMLLANG
20:49:00.705 [main] TRACE - Loading type system org.apache.xmlbeans.metadata.system.sXMLSCHEMA
20:49:00.706 [main] TRACE - Loading type system org.apache.xmlbeans.metadata.system.sXMLTOOLS
20:49:00.707 [main] TRACE - Reading unresolved handles for type system org.apache.xmlbeans.metadata.system.sXMLTOOLS
20:49:00.716 [main] TRACE - Finished loading type system org.apache.xmlbeans.metadata.system.sXMLTOOLS
20:49:00.717 [main] TRACE - Reading unresolved handles for type system org.apache.xmlbeans.metadata.system.sXMLSCHEMA
20:49:00.721 [main] TRACE - Finished loading type system org.apache.xmlbeans.metadata.system.sXMLSCHEMA
20:49:00.725 [main] TRACE - Reading unresolved handles for type system org.apache.xmlbeans.metadata.system.sXMLLANG
20:49:00.725 [main] TRACE - Finished loading type system org.apache.xmlbeans.metadata.system.sXMLLANG
20:49:00.727 [main] TRACE - Reading unresolved handles for type system org.apache.xmlbeans.metadata.system.sXMLCONFIG
20:49:00.728 [main] TRACE - Finished loading type system org.apache.xmlbeans.metadata.system.sXMLCONFIG
20:49:00.729 [main] TRACE - Reading unresolved handles for type system org.apache.poi.schemas.ooxml.system.ooxml
20:49:00.779 [main] TRACE - Finished loading type system org.apache.poi.schemas.ooxml.system.ooxml
20:49:00.780 [main] TRACE - Resolving type for handle themefd26doctype
20:49:00.834 [main] TRACE - Resolving type for handle stylesheet5d8bdoctype
20:49:00.840 [main] TRACE - Resolving type for handle ctstylesheet4257type
20:49:00.844 [main] TRACE - Resolving type for handle ctfonts6623type
20:49:00.847 [main] TRACE - Resolving type for handle ctfont14d8type
20:49:00.856 [main] TRACE - Resolving type for handle ctfills2c6ftype
20:49:00.858 [main] TRACE - Resolving type for handle ctfill550ctype
20:49:00.860 [main] TRACE - Resolving type for handle ctborders0d66type
20:49:00.861 [main] TRACE - Resolving type for handle ctborderf935type
20:49:00.865 [main] TRACE - Resolving type for handle ctcellxfs1322type
20:49:00.867 [main] TRACE - Resolving type for handle ctxf97f7type
20:49:00.870 [main] TRACE - Resolving type for handle ctcellstylexfsa81ftype
20:49:00.872 [main] TRACE - Resolving type for handle ctdxfsb26atype
20:49:00.874 [main] TRACE - Resolving type for handle cttablestyles872ftype
20:49:00.877 [main] TRACE - Resolving type for handle sstf81fdoctype
20:49:00.884 [main] TRACE - Resolving type for handle ctsst44f3type
20:49:00.900 [main] TRACE - Resolving type for handle ctrsta472type
20:49:00.921 [main] DEBUG - using default POIXMLDocumentPart for http://schemas.openxmlformats.org/officeDocument/2006/relationships/printerSettings
20:49:00.922 [main] TRACE - Resolving type for handle workbookec17doctype
20:49:00.929 [main] TRACE - Resolving type for handle ctworkbook83c3type
20:49:00.936 [main] TRACE - Resolving type for handle ctsheets49fdtype
20:49:00.938 [main] TRACE - Resolving type for handle ctsheet4dbetype
20:49:00.940 [main] TRACE - Resolving type for handle strelationshipid1e94type
20:49:00.944 [main] TRACE - Resolving type for handle worksheetf539doctype
20:49:00.952 [main] TRACE - Resolving type for handle ctworksheet530dtype
20:49:00.958 [main] TRACE - Resolving type for handle ctsheetdata8408type
20:49:00.962 [main] TRACE - Resolving type for handle ctrowdd39type
20:49:00.969 [main] TRACE - Resolving type for handle ctcell842btype
20:49:00.974 [main] TRACE - Resolving type for handle stcellrefe4e0type
20:49:00.980 [main] TRACE - Resolving type for handle ctcols627ctype
20:49:00.985 [main] TRACE - Resolving type for handle ctcola95ftype
20:49:01.001 [main] TRACE - Resolving type for handle cthyperlinks6416type
20:49:01.005 [main] TRACE - Resolving type for handle cthyperlink0c85type
20:49:01.015 [main] TRACE - Resolving type for handle stxstringf179type
20:49:01.017 [main] TRACE - Resolving type for handle stcelltypebf95type
20:49:05.688 [main] INFO  - Goto my account-->Click on Login.. 
20:49:06.143 [main] DEBUG - Parsing relationship: /xl/_rels/workbook.xml.rels
20:49:06.146 [main] DEBUG - Parsing relationship: /xl/worksheets/_rels/sheet1.xml.rels
20:49:06.148 [main] DEBUG - Parsing relationship: /_rels/.rels
20:49:06.169 [main] DEBUG - using default POIXMLDocumentPart for http://schemas.openxmlformats.org/officeDocument/2006/relationships/printerSettings
20:49:10.193 [main] INFO  - Goto my account-->Click on Login.. 
20:49:10.596 [main] DEBUG - Parsing relationship: /xl/_rels/workbook.xml.rels
20:49:10.597 [main] DEBUG - Parsing relationship: /xl/worksheets/_rels/sheet1.xml.rels
20:49:10.598 [main] DEBUG - Parsing relationship: /_rels/.rels
20:49:10.618 [main] DEBUG - using default POIXMLDocumentPart for http://schemas.openxmlformats.org/officeDocument/2006/relationships/printerSettings
20:49:14.736 [main] INFO  - Goto my account-->Click on Login.. 
20:49:15.192 [main] DEBUG - Parsing relationship: /xl/_rels/workbook.xml.rels
20:49:15.195 [main] DEBUG - Parsing relationship: /xl/worksheets/_rels/sheet1.xml.rels
20:49:15.197 [main] DEBUG - Parsing relationship: /_rels/.rels
20:49:15.216 [main] DEBUG - using default POIXMLDocumentPart for http://schemas.openxmlformats.org/officeDocument/2006/relationships/printerSettings
20:49:28.610 [main] INFO  - Goto my account-->Click on Login.. 
20:49:29.017 [main] DEBUG - Parsing relationship: /xl/_rels/workbook.xml.rels
20:49:29.018 [main] DEBUG - Parsing relationship: /xl/worksheets/_rels/sheet1.xml.rels
20:49:29.019 [main] DEBUG - Parsing relationship: /_rels/.rels
20:49:29.032 [main] DEBUG - using default POIXMLDocumentPart for http://schemas.openxmlformats.org/officeDocument/2006/relationships/printerSettings
21:21:00.456 [main] INFO  - Goto my account-->Click on Login.. 
21:21:00.970 [main] DEBUG - Parsing relationship: /xl/_rels/workbook.xml.rels
21:21:00.972 [main] DEBUG - Parsing relationship: /xl/worksheets/_rels/sheet1.xml.rels
21:21:00.974 [main] DEBUG - Parsing relationship: /_rels/.rels
21:21:01.113 [main] TRACE - Loading type system org.apache.poi.schemas.ooxml.system.ooxml
21:21:01.115 [main] TRACE - Loading type system org.apache.xmlbeans.metadata.system.sXMLCONFIG
21:21:01.116 [main] TRACE - Loading type system org.apache.xmlbeans.metadata.system.sXMLLANG
21:21:01.117 [main] TRACE - Loading type system org.apache.xmlbeans.metadata.system.sXMLSCHEMA
21:21:01.118 [main] TRACE - Loading type system org.apache.xmlbeans.metadata.system.sXMLTOOLS
21:21:01.118 [main] TRACE - Reading unresolved handles for type system org.apache.xmlbeans.metadata.system.sXMLTOOLS
21:21:01.129 [main] TRACE - Finished loading type system org.apache.xmlbeans.metadata.system.sXMLTOOLS
21:21:01.130 [main] TRACE - Reading unresolved handles for type system org.apache.xmlbeans.metadata.system.sXMLSCHEMA
21:21:01.134 [main] TRACE - Finished loading type system org.apache.xmlbeans.metadata.system.sXMLSCHEMA
21:21:01.136 [main] TRACE - Reading unresolved handles for type system org.apache.xmlbeans.metadata.system.sXMLLANG
21:21:01.136 [main] TRACE - Finished loading type system org.apache.xmlbeans.metadata.system.sXMLLANG
21:21:01.137 [main] TRACE - Reading unresolved handles for type system org.apache.xmlbeans.metadata.system.sXMLCONFIG
21:21:01.138 [main] TRACE - Finished loading type system org.apache.xmlbeans.metadata.system.sXMLCONFIG
21:21:01.139 [main] TRACE - Reading unresolved handles for type system org.apache.poi.schemas.ooxml.system.ooxml
21:21:01.189 [main] TRACE - Finished loading type system org.apache.poi.schemas.ooxml.system.ooxml
21:21:01.189 [main] TRACE - Resolving type for handle themefd26doctype
21:21:01.250 [main] TRACE - Resolving type for handle stylesheet5d8bdoctype
21:21:01.254 [main] TRACE - Resolving type for handle ctstylesheet4257type
21:21:01.258 [main] TRACE - Resolving type for handle ctfonts6623type
21:21:01.261 [main] TRACE - Resolving type for handle ctfont14d8type
21:21:01.269 [main] TRACE - Resolving type for handle ctfills2c6ftype
21:21:01.270 [main] TRACE - Resolving type for handle ctfill550ctype
21:21:01.272 [main] TRACE - Resolving type for handle ctborders0d66type
21:21:01.274 [main] TRACE - Resolving type for handle ctborderf935type
21:21:01.277 [main] TRACE - Resolving type for handle ctcellxfs1322type
21:21:01.279 [main] TRACE - Resolving type for handle ctxf97f7type
21:21:01.282 [main] TRACE - Resolving type for handle ctcellstylexfsa81ftype
21:21:01.283 [main] TRACE - Resolving type for handle ctdxfsb26atype
21:21:01.285 [main] TRACE - Resolving type for handle cttablestyles872ftype
21:21:01.295 [main] TRACE - Resolving type for handle sstf81fdoctype
21:21:01.300 [main] TRACE - Resolving type for handle ctsst44f3type
21:21:01.308 [main] TRACE - Resolving type for handle ctrsta472type
21:21:01.321 [main] DEBUG - using default POIXMLDocumentPart for http://schemas.openxmlformats.org/officeDocument/2006/relationships/printerSettings
21:21:01.323 [main] TRACE - Resolving type for handle workbookec17doctype
21:21:01.327 [main] TRACE - Resolving type for handle ctworkbook83c3type
21:21:01.335 [main] TRACE - Resolving type for handle ctsheets49fdtype
21:21:01.337 [main] TRACE - Resolving type for handle ctsheet4dbetype
21:21:01.339 [main] TRACE - Resolving type for handle strelationshipid1e94type
21:21:01.341 [main] TRACE - Resolving type for handle worksheetf539doctype
21:21:01.347 [main] TRACE - Resolving type for handle ctworksheet530dtype
21:21:01.354 [main] TRACE - Resolving type for handle ctsheetdata8408type
21:21:01.356 [main] TRACE - Resolving type for handle ctrowdd39type
21:21:01.361 [main] TRACE - Resolving type for handle ctcell842btype
21:21:01.368 [main] TRACE - Resolving type for handle stcellrefe4e0type
21:21:01.375 [main] TRACE - Resolving type for handle ctcols627ctype
21:21:01.380 [main] TRACE - Resolving type for handle ctcola95ftype
21:21:01.395 [main] TRACE - Resolving type for handle cthyperlinks6416type
21:21:01.397 [main] TRACE - Resolving type for handle cthyperlink0c85type
21:21:01.403 [main] TRACE - Resolving type for handle stxstringf179type
21:21:01.406 [main] TRACE - Resolving type for handle stcelltypebf95type
21:21:04.712 [main] INFO  - Goto my account-->Click on Login.. 
21:21:05.332 [main] DEBUG - Parsing relationship: /xl/_rels/workbook.xml.rels
21:21:05.333 [main] DEBUG - Parsing relationship: /xl/worksheets/_rels/sheet1.xml.rels
21:21:05.334 [main] DEBUG - Parsing relationship: /_rels/.rels
21:21:05.351 [main] DEBUG - using default POIXMLDocumentPart for http://schemas.openxmlformats.org/officeDocument/2006/relationships/printerSettings
21:21:07.878 [main] INFO  - Goto my account-->Click on Login.. 
21:21:08.665 [main] DEBUG - Parsing relationship: /xl/_rels/workbook.xml.rels
21:21:08.667 [main] DEBUG - Parsing relationship: /xl/worksheets/_rels/sheet1.xml.rels
21:21:08.669 [main] DEBUG - Parsing relationship: /_rels/.rels
21:21:08.683 [main] DEBUG - using default POIXMLDocumentPart for http://schemas.openxmlformats.org/officeDocument/2006/relationships/printerSettings
21:21:11.511 [main] INFO  - Goto my account-->Click on Login.. 
21:21:12.084 [main] DEBUG - Parsing relationship: /xl/_rels/workbook.xml.rels
21:21:12.085 [main] DEBUG - Parsing relationship: /xl/worksheets/_rels/sheet1.xml.rels
21:21:12.086 [main] DEBUG - Parsing relationship: /_rels/.rels
21:21:12.100 [main] DEBUG - using default POIXMLDocumentPart for http://schemas.openxmlformats.org/officeDocument/2006/relationships/printerSettings
21:21:25.442 [main] INFO  - Goto my account-->Click on Login.. 
21:21:25.837 [main] DEBUG - Parsing relationship: /xl/_rels/workbook.xml.rels
21:21:25.838 [main] DEBUG - Parsing relationship: /xl/worksheets/_rels/sheet1.xml.rels
21:21:25.839 [main] DEBUG - Parsing relationship: /_rels/.rels
21:21:25.855 [main] DEBUG - using default POIXMLDocumentPart for http://schemas.openxmlformats.org/officeDocument/2006/relationships/printerSettings
21:30:29.399 [main] INFO  - Goto my account-->Click on Login.. 
21:30:29.879 [main] DEBUG - Parsing relationship: /xl/_rels/workbook.xml.rels
21:30:29.887 [main] DEBUG - Parsing relationship: /xl/worksheets/_rels/sheet1.xml.rels
21:30:29.889 [main] DEBUG - Parsing relationship: /_rels/.rels
21:30:30.038 [main] TRACE - Loading type system org.apache.poi.schemas.ooxml.system.ooxml
21:30:30.041 [main] TRACE - Loading type system org.apache.xmlbeans.metadata.system.sXMLCONFIG
21:30:30.042 [main] TRACE - Loading type system org.apache.xmlbeans.metadata.system.sXMLLANG
21:30:30.042 [main] TRACE - Loading type system org.apache.xmlbeans.metadata.system.sXMLSCHEMA
21:30:30.042 [main] TRACE - Loading type system org.apache.xmlbeans.metadata.system.sXMLTOOLS
21:30:30.043 [main] TRACE - Reading unresolved handles for type system org.apache.xmlbeans.metadata.system.sXMLTOOLS
21:30:30.055 [main] TRACE - Finished loading type system org.apache.xmlbeans.metadata.system.sXMLTOOLS
21:30:30.056 [main] TRACE - Reading unresolved handles for type system org.apache.xmlbeans.metadata.system.sXMLSCHEMA
21:30:30.060 [main] TRACE - Finished loading type system org.apache.xmlbeans.metadata.system.sXMLSCHEMA
21:30:30.062 [main] TRACE - Reading unresolved handles for type system org.apache.xmlbeans.metadata.system.sXMLLANG
21:30:30.062 [main] TRACE - Finished loading type system org.apache.xmlbeans.metadata.system.sXMLLANG
21:30:30.063 [main] TRACE - Reading unresolved handles for type system org.apache.xmlbeans.metadata.system.sXMLCONFIG
21:30:30.064 [main] TRACE - Finished loading type system org.apache.xmlbeans.metadata.system.sXMLCONFIG
21:30:30.065 [main] TRACE - Reading unresolved handles for type system org.apache.poi.schemas.ooxml.system.ooxml
21:30:30.108 [main] TRACE - Finished loading type system org.apache.poi.schemas.ooxml.system.ooxml
21:30:30.109 [main] TRACE - Resolving type for handle themefd26doctype
21:30:30.172 [main] TRACE - Resolving type for handle stylesheet5d8bdoctype
21:30:30.179 [main] TRACE - Resolving type for handle ctstylesheet4257type
21:30:30.182 [main] TRACE - Resolving type for handle ctfonts6623type
21:30:30.186 [main] TRACE - Resolving type for handle ctfont14d8type
21:30:30.190 [main] TRACE - Resolving type for handle ctfills2c6ftype
21:30:30.192 [main] TRACE - Resolving type for handle ctfill550ctype
21:30:30.194 [main] TRACE - Resolving type for handle ctborders0d66type
21:30:30.197 [main] TRACE - Resolving type for handle ctborderf935type
21:30:30.200 [main] TRACE - Resolving type for handle ctcellxfs1322type
21:30:30.204 [main] TRACE - Resolving type for handle ctxf97f7type
21:30:30.207 [main] TRACE - Resolving type for handle ctcellstylexfsa81ftype
21:30:30.209 [main] TRACE - Resolving type for handle ctdxfsb26atype
21:30:30.218 [main] TRACE - Resolving type for handle cttablestyles872ftype
21:30:30.222 [main] TRACE - Resolving type for handle sstf81fdoctype
21:30:30.227 [main] TRACE - Resolving type for handle ctsst44f3type
21:30:30.234 [main] TRACE - Resolving type for handle ctrsta472type
21:30:30.249 [main] DEBUG - using default POIXMLDocumentPart for http://schemas.openxmlformats.org/officeDocument/2006/relationships/printerSettings
21:30:30.250 [main] TRACE - Resolving type for handle workbookec17doctype
21:30:30.253 [main] TRACE - Resolving type for handle ctworkbook83c3type
21:30:30.258 [main] TRACE - Resolving type for handle ctsheets49fdtype
21:30:30.260 [main] TRACE - Resolving type for handle ctsheet4dbetype
21:30:30.262 [main] TRACE - Resolving type for handle strelationshipid1e94type
21:30:30.264 [main] TRACE - Resolving type for handle worksheetf539doctype
21:30:30.268 [main] TRACE - Resolving type for handle ctworksheet530dtype
21:30:30.275 [main] TRACE - Resolving type for handle ctsheetdata8408type
21:30:30.276 [main] TRACE - Resolving type for handle ctrowdd39type
21:30:30.280 [main] TRACE - Resolving type for handle ctcell842btype
21:30:30.286 [main] TRACE - Resolving type for handle stcellrefe4e0type
21:30:30.292 [main] TRACE - Resolving type for handle ctcols627ctype
21:30:30.297 [main] TRACE - Resolving type for handle ctcola95ftype
21:30:30.309 [main] TRACE - Resolving type for handle cthyperlinks6416type
21:30:30.312 [main] TRACE - Resolving type for handle cthyperlink0c85type
21:30:30.319 [main] TRACE - Resolving type for handle stxstringf179type
21:30:30.321 [main] TRACE - Resolving type for handle stcelltypebf95type
21:30:33.604 [main] INFO  - Goto my account-->Click on Login.. 
21:30:34.313 [main] DEBUG - Parsing relationship: /xl/_rels/workbook.xml.rels
21:30:34.315 [main] DEBUG - Parsing relationship: /xl/worksheets/_rels/sheet1.xml.rels
21:30:34.316 [main] DEBUG - Parsing relationship: /_rels/.rels
21:30:34.339 [main] DEBUG - using default POIXMLDocumentPart for http://schemas.openxmlformats.org/officeDocument/2006/relationships/printerSettings
21:30:37.052 [main] INFO  - Goto my account-->Click on Login.. 
21:30:37.647 [main] DEBUG - Parsing relationship: /xl/_rels/workbook.xml.rels
21:30:37.648 [main] DEBUG - Parsing relationship: /xl/worksheets/_rels/sheet1.xml.rels
21:30:37.650 [main] DEBUG - Parsing relationship: /_rels/.rels
21:30:37.667 [main] DEBUG - using default POIXMLDocumentPart for http://schemas.openxmlformats.org/officeDocument/2006/relationships/printerSettings
21:30:50.664 [main] INFO  - Goto my account-->Click on Login.. 
21:30:51.265 [main] DEBUG - Parsing relationship: /xl/_rels/workbook.xml.rels
21:30:51.267 [main] DEBUG - Parsing relationship: /xl/worksheets/_rels/sheet1.xml.rels
21:30:51.268 [main] DEBUG - Parsing relationship: /_rels/.rels
21:30:51.283 [main] DEBUG - using default POIXMLDocumentPart for http://schemas.openxmlformats.org/officeDocument/2006/relationships/printerSettings
21:31:04.618 [main] INFO  - Goto my account-->Click on Login.. 
21:31:04.992 [main] DEBUG - Parsing relationship: /xl/_rels/workbook.xml.rels
21:31:04.993 [main] DEBUG - Parsing relationship: /xl/worksheets/_rels/sheet1.xml.rels
21:31:04.995 [main] DEBUG - Parsing relationship: /_rels/.rels
21:31:05.008 [main] DEBUG - using default POIXMLDocumentPart for http://schemas.openxmlformats.org/officeDocument/2006/relationships/printerSettings
21:34:13.562 [main] INFO  - Goto my account-->Click on Login.. 
21:34:14.097 [main] DEBUG - Parsing relationship: /xl/_rels/workbook.xml.rels
21:34:14.100 [main] DEBUG - Parsing relationship: /xl/worksheets/_rels/sheet1.xml.rels
21:34:14.102 [main] DEBUG - Parsing relationship: /_rels/.rels
21:34:14.289 [main] TRACE - Loading type system org.apache.poi.schemas.ooxml.system.ooxml
21:34:14.291 [main] TRACE - Loading type system org.apache.xmlbeans.metadata.system.sXMLCONFIG
21:34:14.292 [main] TRACE - Loading type system org.apache.xmlbeans.metadata.system.sXMLLANG
21:34:14.292 [main] TRACE - Loading type system org.apache.xmlbeans.metadata.system.sXMLSCHEMA
21:34:14.293 [main] TRACE - Loading type system org.apache.xmlbeans.metadata.system.sXMLTOOLS
21:34:14.295 [main] TRACE - Reading unresolved handles for type system org.apache.xmlbeans.metadata.system.sXMLTOOLS
21:34:14.304 [main] TRACE - Finished loading type system org.apache.xmlbeans.metadata.system.sXMLTOOLS
21:34:14.305 [main] TRACE - Reading unresolved handles for type system org.apache.xmlbeans.metadata.system.sXMLSCHEMA
21:34:14.312 [main] TRACE - Finished loading type system org.apache.xmlbeans.metadata.system.sXMLSCHEMA
21:34:14.314 [main] TRACE - Reading unresolved handles for type system org.apache.xmlbeans.metadata.system.sXMLLANG
21:34:14.315 [main] TRACE - Finished loading type system org.apache.xmlbeans.metadata.system.sXMLLANG
21:34:14.315 [main] TRACE - Reading unresolved handles for type system org.apache.xmlbeans.metadata.system.sXMLCONFIG
21:34:14.316 [main] TRACE - Finished loading type system org.apache.xmlbeans.metadata.system.sXMLCONFIG
21:34:14.317 [main] TRACE - Reading unresolved handles for type system org.apache.poi.schemas.ooxml.system.ooxml
21:34:14.368 [main] TRACE - Finished loading type system org.apache.poi.schemas.ooxml.system.ooxml
21:34:14.368 [main] TRACE - Resolving type for handle themefd26doctype
21:34:14.429 [main] TRACE - Resolving type for handle stylesheet5d8bdoctype
21:34:14.435 [main] TRACE - Resolving type for handle ctstylesheet4257type
21:34:14.439 [main] TRACE - Resolving type for handle ctfonts6623type
21:34:14.441 [main] TRACE - Resolving type for handle ctfont14d8type
21:34:14.447 [main] TRACE - Resolving type for handle ctfills2c6ftype
21:34:14.449 [main] TRACE - Resolving type for handle ctfill550ctype
21:34:14.451 [main] TRACE - Resolving type for handle ctborders0d66type
21:34:14.452 [main] TRACE - Resolving type for handle ctborderf935type
21:34:14.454 [main] TRACE - Resolving type for handle ctcellxfs1322type
21:34:14.459 [main] TRACE - Resolving type for handle ctxf97f7type
21:34:14.462 [main] TRACE - Resolving type for handle ctcellstylexfsa81ftype
21:34:14.464 [main] TRACE - Resolving type for handle ctdxfsb26atype
21:34:14.472 [main] TRACE - Resolving type for handle cttablestyles872ftype
21:34:14.475 [main] TRACE - Resolving type for handle sstf81fdoctype
21:34:14.479 [main] TRACE - Resolving type for handle ctsst44f3type
21:34:14.496 [main] TRACE - Resolving type for handle ctrsta472type
21:34:14.512 [main] DEBUG - using default POIXMLDocumentPart for http://schemas.openxmlformats.org/officeDocument/2006/relationships/printerSettings
21:34:14.513 [main] TRACE - Resolving type for handle workbookec17doctype
21:34:14.518 [main] TRACE - Resolving type for handle ctworkbook83c3type
21:34:14.529 [main] TRACE - Resolving type for handle ctsheets49fdtype
21:34:14.530 [main] TRACE - Resolving type for handle ctsheet4dbetype
21:34:14.532 [main] TRACE - Resolving type for handle strelationshipid1e94type
21:34:14.533 [main] TRACE - Resolving type for handle worksheetf539doctype
21:34:14.542 [main] TRACE - Resolving type for handle ctworksheet530dtype
21:34:14.550 [main] TRACE - Resolving type for handle ctsheetdata8408type
21:34:14.552 [main] TRACE - Resolving type for handle ctrowdd39type
21:34:14.558 [main] TRACE - Resolving type for handle ctcell842btype
21:34:14.563 [main] TRACE - Resolving type for handle stcellrefe4e0type
21:34:14.571 [main] TRACE - Resolving type for handle ctcols627ctype
21:34:14.575 [main] TRACE - Resolving type for handle ctcola95ftype
21:34:14.592 [main] TRACE - Resolving type for handle cthyperlinks6416type
21:34:14.596 [main] TRACE - Resolving type for handle cthyperlink0c85type
21:34:14.606 [main] TRACE - Resolving type for handle stxstringf179type
21:34:14.608 [main] TRACE - Resolving type for handle stcelltypebf95type
21:34:18.518 [main] INFO  - Goto my account-->Click on Login.. 
21:34:18.902 [main] DEBUG - Parsing relationship: /xl/_rels/workbook.xml.rels
21:34:18.903 [main] DEBUG - Parsing relationship: /xl/worksheets/_rels/sheet1.xml.rels
21:34:18.906 [main] DEBUG - Parsing relationship: /_rels/.rels
21:34:18.923 [main] DEBUG - using default POIXMLDocumentPart for http://schemas.openxmlformats.org/officeDocument/2006/relationships/printerSettings
21:34:32.344 [main] INFO  - Goto my account-->Click on Login.. 
21:34:32.944 [main] DEBUG - Parsing relationship: /xl/_rels/workbook.xml.rels
21:34:32.945 [main] DEBUG - Parsing relationship: /xl/worksheets/_rels/sheet1.xml.rels
21:34:32.946 [main] DEBUG - Parsing relationship: /_rels/.rels
21:34:32.960 [main] DEBUG - using default POIXMLDocumentPart for http://schemas.openxmlformats.org/officeDocument/2006/relationships/printerSettings
21:34:47.695 [main] INFO  - Goto my account-->Click on Login.. 
21:34:48.096 [main] DEBUG - Parsing relationship: /xl/_rels/workbook.xml.rels
21:34:48.097 [main] DEBUG - Parsing relationship: /xl/worksheets/_rels/sheet1.xml.rels
21:34:48.101 [main] DEBUG - Parsing relationship: /_rels/.rels
21:34:48.115 [main] DEBUG - using default POIXMLDocumentPart for http://schemas.openxmlformats.org/officeDocument/2006/relationships/printerSettings
21:35:01.382 [main] INFO  - Goto my account-->Click on Login.. 
21:35:02.310 [main] DEBUG - Parsing relationship: /xl/_rels/workbook.xml.rels
21:35:02.311 [main] DEBUG - Parsing relationship: /xl/worksheets/_rels/sheet1.xml.rels
21:35:02.312 [main] DEBUG - Parsing relationship: /_rels/.rels
21:35:02.322 [main] DEBUG - using default POIXMLDocumentPart for http://schemas.openxmlformats.org/officeDocument/2006/relationships/printerSettings
21:37:47.836 [main] INFO  - Goto my account-->Click on Login.. 
21:37:48.331 [main] DEBUG - Parsing relationship: /xl/_rels/workbook.xml.rels
21:37:48.335 [main] DEBUG - Parsing relationship: /xl/worksheets/_rels/sheet1.xml.rels
21:37:48.339 [main] DEBUG - Parsing relationship: /_rels/.rels
21:37:48.518 [main] TRACE - Loading type system org.apache.poi.schemas.ooxml.system.ooxml
21:37:48.521 [main] TRACE - Loading type system org.apache.xmlbeans.metadata.system.sXMLCONFIG
21:37:48.522 [main] TRACE - Loading type system org.apache.xmlbeans.metadata.system.sXMLLANG
21:37:48.522 [main] TRACE - Loading type system org.apache.xmlbeans.metadata.system.sXMLSCHEMA
21:37:48.523 [main] TRACE - Loading type system org.apache.xmlbeans.metadata.system.sXMLTOOLS
21:37:48.525 [main] TRACE - Reading unresolved handles for type system org.apache.xmlbeans.metadata.system.sXMLTOOLS
21:37:48.542 [main] TRACE - Finished loading type system org.apache.xmlbeans.metadata.system.sXMLTOOLS
21:37:48.542 [main] TRACE - Reading unresolved handles for type system org.apache.xmlbeans.metadata.system.sXMLSCHEMA
21:37:48.546 [main] TRACE - Finished loading type system org.apache.xmlbeans.metadata.system.sXMLSCHEMA
21:37:48.548 [main] TRACE - Reading unresolved handles for type system org.apache.xmlbeans.metadata.system.sXMLLANG
21:37:48.549 [main] TRACE - Finished loading type system org.apache.xmlbeans.metadata.system.sXMLLANG
21:37:48.550 [main] TRACE - Reading unresolved handles for type system org.apache.xmlbeans.metadata.system.sXMLCONFIG
21:37:48.551 [main] TRACE - Finished loading type system org.apache.xmlbeans.metadata.system.sXMLCONFIG
21:37:48.552 [main] TRACE - Reading unresolved handles for type system org.apache.poi.schemas.ooxml.system.ooxml
21:37:48.597 [main] TRACE - Finished loading type system org.apache.poi.schemas.ooxml.system.ooxml
21:37:48.598 [main] TRACE - Resolving type for handle themefd26doctype
21:37:48.656 [main] TRACE - Resolving type for handle stylesheet5d8bdoctype
21:37:48.662 [main] TRACE - Resolving type for handle ctstylesheet4257type
21:37:48.665 [main] TRACE - Resolving type for handle ctfonts6623type
21:37:48.667 [main] TRACE - Resolving type for handle ctfont14d8type
21:37:48.672 [main] TRACE - Resolving type for handle ctfills2c6ftype
21:37:48.675 [main] TRACE - Resolving type for handle ctfill550ctype
21:37:48.678 [main] TRACE - Resolving type for handle ctborders0d66type
21:37:48.680 [main] TRACE - Resolving type for handle ctborderf935type
21:37:48.682 [main] TRACE - Resolving type for handle ctcellxfs1322type
21:37:48.689 [main] TRACE - Resolving type for handle ctxf97f7type
21:37:48.693 [main] TRACE - Resolving type for handle ctcellstylexfsa81ftype
21:37:48.695 [main] TRACE - Resolving type for handle ctdxfsb26atype
21:37:48.697 [main] TRACE - Resolving type for handle cttablestyles872ftype
21:37:48.706 [main] TRACE - Resolving type for handle sstf81fdoctype
21:37:48.711 [main] TRACE - Resolving type for handle ctsst44f3type
21:37:48.728 [main] TRACE - Resolving type for handle ctrsta472type
21:37:48.744 [main] DEBUG - using default POIXMLDocumentPart for http://schemas.openxmlformats.org/officeDocument/2006/relationships/printerSettings
21:37:48.745 [main] TRACE - Resolving type for handle workbookec17doctype
21:37:48.749 [main] TRACE - Resolving type for handle ctworkbook83c3type
21:37:48.759 [main] TRACE - Resolving type for handle ctsheets49fdtype
21:37:48.761 [main] TRACE - Resolving type for handle ctsheet4dbetype
21:37:48.762 [main] TRACE - Resolving type for handle strelationshipid1e94type
21:37:48.765 [main] TRACE - Resolving type for handle worksheetf539doctype
21:37:48.771 [main] TRACE - Resolving type for handle ctworksheet530dtype
21:37:48.784 [main] TRACE - Resolving type for handle ctsheetdata8408type
21:37:48.787 [main] TRACE - Resolving type for handle ctrowdd39type
21:37:48.791 [main] TRACE - Resolving type for handle ctcell842btype
21:37:48.796 [main] TRACE - Resolving type for handle stcellrefe4e0type
21:37:48.802 [main] TRACE - Resolving type for handle ctcols627ctype
21:37:48.806 [main] TRACE - Resolving type for handle ctcola95ftype
21:37:48.822 [main] TRACE - Resolving type for handle cthyperlinks6416type
21:37:48.826 [main] TRACE - Resolving type for handle cthyperlink0c85type
21:37:48.832 [main] TRACE - Resolving type for handle stxstringf179type
21:37:48.834 [main] TRACE - Resolving type for handle stcelltypebf95type
21:37:52.559 [main] INFO  - Goto my account-->Click on Login.. 
21:37:53.250 [main] DEBUG - Parsing relationship: /xl/_rels/workbook.xml.rels
21:37:53.252 [main] DEBUG - Parsing relationship: /xl/worksheets/_rels/sheet1.xml.rels
21:37:53.256 [main] DEBUG - Parsing relationship: /_rels/.rels
21:37:53.281 [main] DEBUG - using default POIXMLDocumentPart for http://schemas.openxmlformats.org/officeDocument/2006/relationships/printerSettings
21:38:06.422 [main] INFO  - Goto my account-->Click on Login.. 
21:38:06.888 [main] DEBUG - Parsing relationship: /xl/_rels/workbook.xml.rels
21:38:06.889 [main] DEBUG - Parsing relationship: /xl/worksheets/_rels/sheet1.xml.rels
21:38:06.890 [main] DEBUG - Parsing relationship: /_rels/.rels
21:38:06.905 [main] DEBUG - using default POIXMLDocumentPart for http://schemas.openxmlformats.org/officeDocument/2006/relationships/printerSettings
21:38:19.943 [main] INFO  - Goto my account-->Click on Login.. 
21:38:20.469 [main] DEBUG - Parsing relationship: /xl/_rels/workbook.xml.rels
21:38:20.470 [main] DEBUG - Parsing relationship: /xl/worksheets/_rels/sheet1.xml.rels
21:38:20.471 [main] DEBUG - Parsing relationship: /_rels/.rels
21:38:20.486 [main] DEBUG - using default POIXMLDocumentPart for http://schemas.openxmlformats.org/officeDocument/2006/relationships/printerSettings
21:38:33.525 [main] INFO  - Goto my account-->Click on Login.. 
21:38:34.065 [main] DEBUG - Parsing relationship: /xl/_rels/workbook.xml.rels
21:38:34.067 [main] DEBUG - Parsing relationship: /xl/worksheets/_rels/sheet1.xml.rels
21:38:34.068 [main] DEBUG - Parsing relationship: /_rels/.rels
21:38:34.079 [main] DEBUG - using default POIXMLDocumentPart for http://schemas.openxmlformats.org/officeDocument/2006/relationships/printerSettings
21:39:38.355 [main] INFO  - Goto my account-->Click on Login.. 
21:39:38.910 [main] DEBUG - Parsing relationship: /xl/_rels/workbook.xml.rels
21:39:38.914 [main] DEBUG - Parsing relationship: /xl/worksheets/_rels/sheet1.xml.rels
21:39:38.916 [main] DEBUG - Parsing relationship: /_rels/.rels
21:39:39.080 [main] TRACE - Loading type system org.apache.poi.schemas.ooxml.system.ooxml
21:39:39.084 [main] TRACE - Loading type system org.apache.xmlbeans.metadata.system.sXMLCONFIG
21:39:39.085 [main] TRACE - Loading type system org.apache.xmlbeans.metadata.system.sXMLLANG
21:39:39.085 [main] TRACE - Loading type system org.apache.xmlbeans.metadata.system.sXMLSCHEMA
21:39:39.086 [main] TRACE - Loading type system org.apache.xmlbeans.metadata.system.sXMLTOOLS
21:39:39.087 [main] TRACE - Reading unresolved handles for type system org.apache.xmlbeans.metadata.system.sXMLTOOLS
21:39:39.097 [main] TRACE - Finished loading type system org.apache.xmlbeans.metadata.system.sXMLTOOLS
21:39:39.098 [main] TRACE - Reading unresolved handles for type system org.apache.xmlbeans.metadata.system.sXMLSCHEMA
21:39:39.102 [main] TRACE - Finished loading type system org.apache.xmlbeans.metadata.system.sXMLSCHEMA
21:39:39.104 [main] TRACE - Reading unresolved handles for type system org.apache.xmlbeans.metadata.system.sXMLLANG
21:39:39.106 [main] TRACE - Finished loading type system org.apache.xmlbeans.metadata.system.sXMLLANG
21:39:39.107 [main] TRACE - Reading unresolved handles for type system org.apache.xmlbeans.metadata.system.sXMLCONFIG
21:39:39.107 [main] TRACE - Finished loading type system org.apache.xmlbeans.metadata.system.sXMLCONFIG
21:39:39.108 [main] TRACE - Reading unresolved handles for type system org.apache.poi.schemas.ooxml.system.ooxml
21:39:39.154 [main] TRACE - Finished loading type system org.apache.poi.schemas.ooxml.system.ooxml
21:39:39.155 [main] TRACE - Resolving type for handle themefd26doctype
21:39:39.229 [main] TRACE - Resolving type for handle stylesheet5d8bdoctype
21:39:39.235 [main] TRACE - Resolving type for handle ctstylesheet4257type
21:39:39.242 [main] TRACE - Resolving type for handle ctfonts6623type
21:39:39.246 [main] TRACE - Resolving type for handle ctfont14d8type
21:39:39.253 [main] TRACE - Resolving type for handle ctfills2c6ftype
21:39:39.254 [main] TRACE - Resolving type for handle ctfill550ctype
21:39:39.257 [main] TRACE - Resolving type for handle ctborders0d66type
21:39:39.259 [main] TRACE - Resolving type for handle ctborderf935type
21:39:39.262 [main] TRACE - Resolving type for handle ctcellxfs1322type
21:39:39.265 [main] TRACE - Resolving type for handle ctxf97f7type
21:39:39.269 [main] TRACE - Resolving type for handle ctcellstylexfsa81ftype
21:39:39.270 [main] TRACE - Resolving type for handle ctdxfsb26atype
21:39:39.273 [main] TRACE - Resolving type for handle cttablestyles872ftype
21:39:39.278 [main] TRACE - Resolving type for handle sstf81fdoctype
21:39:39.282 [main] TRACE - Resolving type for handle ctsst44f3type
21:39:39.303 [main] TRACE - Resolving type for handle ctrsta472type
21:39:39.321 [main] DEBUG - using default POIXMLDocumentPart for http://schemas.openxmlformats.org/officeDocument/2006/relationships/printerSettings
21:39:39.322 [main] TRACE - Resolving type for handle workbookec17doctype
21:39:39.329 [main] TRACE - Resolving type for handle ctworkbook83c3type
21:39:39.335 [main] TRACE - Resolving type for handle ctsheets49fdtype
21:39:39.337 [main] TRACE - Resolving type for handle ctsheet4dbetype
21:39:39.339 [main] TRACE - Resolving type for handle strelationshipid1e94type
21:39:39.342 [main] TRACE - Resolving type for handle worksheetf539doctype
21:39:39.349 [main] TRACE - Resolving type for handle ctworksheet530dtype
